<?xml version="1.0" encoding="UTF-8"?>
<!-- Generated by org.testng.reporters.JUnitXMLReporter -->
<testsuite ignored="3" hostname="DESKTOP-7S7LCUO" failures="0" tests="2" name="GRP-regression" time="1.24" errors="0" timestamp="2025-04-22T19:37:51 IST">
  <testcase classname="com.sel.day4.TESTNG1" name="rTest" time="0.105"/>
  <testcase classname="com.sel.day4.TESTNG1" name="rTest2" time="0.007"/>
  <testcase classname="com.sel.day4.TESTNG1" name="test1" time="0.0">
    <ignored/>
  </testcase> <!-- test1 -->
  <testcase classname="com.sel.day4.TESTNG1" name="sTest" time="0.0">
    <ignored/>
  </testcase> <!-- sTest -->
  <testcase classname="com.sel.day4.TESTNG1" name="test2" time="0.0">
    <ignored/>
  </testcase> <!-- test2 -->
</testsuite> <!-- GRP-regression -->
