<?xml version="1.0" encoding="UTF-8"?>
<!-- Generated by org.testng.reporters.JUnitXMLReporter -->
<testsuite ignored="0" hostname="DESKTOP-7S7LCUO" failures="0" tests="4" name="Default test" time="29.538" errors="0" timestamp="2025-04-23T21:24:09 IST">
  <testcase classname="com.sel.day5.TestParalley" name="test1" time="11.02"/>
  <testcase classname="com.sel.day5.TestParalley" name="test2" time="6.132"/>
  <testcase classname="com.sel.day5.TestParalley" name="test3" time="5.925"/>
  <testcase classname="com.sel.day5.TestParalley" name="test4" time="5.399"/>
</testsuite> <!-- Default test -->
