<?xml version="1.0" encoding="UTF-8"?>
<!-- Generated by org.testng.reporters.JUnitXMLReporter -->
<testsuite ignored="2" hostname="DESKTOP-7S7LCUO" failures="0" tests="1" name="Default test" time="4.084" errors="0" timestamp="2025-04-25T21:50:24 IST">
  <testcase classname="com.pagemodel.CreateNewPageTest" name="verifyFirstName" time="2.818"/>
  <testcase classname="com.pagemodel.CreateNewPageTest" name="printTitle" time="0.0">
    <ignored/>
  </testcase> <!-- printTitle -->
  <testcase classname="com.pagemodel.CreateNewPageTest" name="printTitle2" time="0.0">
    <ignored/>
  </testcase> <!-- printTitle2 -->
</testsuite> <!-- Default test -->
