<?xml version="1.0" encoding="UTF-8"?>
<!-- Generated by org.testng.reporters.JUnitXMLReporter -->
<testsuite ignored="0" hostname="DESKTOP-7S7LCUO" failures="0" tests="4" name="Test" time="16.452" errors="0" timestamp="2025-04-23T21:27:33 IST">
  <testcase classname="com.sel.day5.TestParalley" name="test2" time="14.711"/>
  <testcase classname="com.sel.day5.TestParalley" name="test4" time="15.553"/>
  <testcase classname="com.sel.day5.TestParalley" name="test3" time="15.996"/>
  <testcase classname="com.sel.day5.TestParalley" name="test1" time="16.109"/>
</testsuite> <!-- Test -->
