<?xml version="1.0" encoding="UTF-8"?>
<!-- Generated by org.testng.reporters.JUnitXMLReporter -->
<testsuite ignored="3" hostname="DESKTOP-7S7LCUO" failures="0" tests="2" name="Test" time="0.849" errors="0" timestamp="2025-04-22T19:45:29 IST">
  <testcase classname="com.sel.day4.TESTNG1" name="rTest" time="0.049"/>
  <testcase classname="com.sel.day4.TESTNG1" name="rTest2" time="0.007"/>
  <testcase classname="com.sel.day4.TESTNG1" name="test1" time="0.0">
    <ignored/>
  </testcase> <!-- test1 -->
  <testcase classname="com.sel.day4.TESTNG1" name="test2" time="0.0">
    <ignored/>
  </testcase> <!-- test2 -->
  <testcase classname="com.sel.day4.TESTNG1" name="sTest" time="0.0">
    <ignored/>
  </testcase> <!-- sTest -->
</testsuite> <!-- Test -->
