<?xml version="1.0" encoding="UTF-8"?>
<testng-results ignored="0" total="2" passed="2" failed="0" skipped="0">
  <reporter-output>
  </reporter-output>
  <suite started-at="2025-04-22T19:45:28 IST" name="Suite" finished-at="2025-04-22T19:45:29 IST" duration-ms="849">
    <groups>
      <group name="regression">
        <method signature="TESTNG1.rTest()[pri:0, instance:com.sel.day4.TESTNG1@55ea2d70]" name="rTest" class="com.sel.day4.TESTNG1"/>
        <method signature="TESTNG1.rTest2()[pri:0, instance:com.sel.day4.TESTNG1@55ea2d70]" name="rTest2" class="com.sel.day4.TESTNG1"/>
      </group> <!-- regression -->
    </groups>
    <test started-at="2025-04-22T19:45:28 IST" name="Test" finished-at="2025-04-22T19:45:29 IST" duration-ms="849">
      <class name="com.sel.day4.TESTNG1">
        <test-method signature="rTest()[pri:0, instance:com.sel.day4.TESTNG1@55ea2d70]" started-at="2025-04-22T19:45:29 IST" name="rTest" finished-at="2025-04-22T19:45:29 IST" duration-ms="49" status="PASS">
          <reporter-output>
          </reporter-output>
        </test-method> <!-- rTest -->
        <test-method signature="rTest2()[pri:0, instance:com.sel.day4.TESTNG1@55ea2d70]" started-at="2025-04-22T19:45:29 IST" name="rTest2" finished-at="2025-04-22T19:45:29 IST" duration-ms="7" status="PASS">
          <reporter-output>
          </reporter-output>
        </test-method> <!-- rTest2 -->
      </class> <!-- com.sel.day4.TESTNG1 -->
    </test> <!-- Test -->
  </suite> <!-- Suite -->
</testng-results>
