<?xml version="1.0" encoding="UTF-8"?>
<testng-results ignored="0" total="1" passed="1" failed="0" skipped="0">
  <reporter-output>
  </reporter-output>
  <suite started-at="2025-04-08T21:57:36 IST" name="Suite" finished-at="2025-04-08T21:57:40 IST" duration-ms="3879">
    <groups>
    </groups>
    <test started-at="2025-04-08T21:57:36 IST" name="Test" finished-at="2025-04-08T21:57:40 IST" duration-ms="3879">
      <class name="com.swag_labs.tests.InventoryTests">
        <test-method signature="verifyProductCheckoutFunctionality()[pri:0, instance:com.swag_labs.tests.InventoryTests@659f226a]" started-at="2025-04-08T21:57:36 IST" name="verifyProductCheckoutFunctionality" finished-at="2025-04-08T21:57:39 IST" duration-ms="3271" status="PASS">
          <reporter-output>
          </reporter-output>
        </test-method> <!-- verifyProductCheckoutFunctionality -->
      </class> <!-- com.swag_labs.tests.InventoryTests -->
    </test> <!-- Test -->
  </suite> <!-- Suite -->
</testng-results>
